g++ -Wall -g -I.   -c -o test_main.o test_main.cpp
In file included from vm/vec_mat.h:60,
                 from equation_set.h:7,
                 from rk_solver.h:8,
                 from test_main.cpp:1:
./vm/vector.h:298: error: `static' can only be specified for objects and functions
./vm/vector.h:408: error: `static' can only be specified for objects and functions
./vm/vector.h:1217: error: type/value mismatch at argument 1 in template parameter list for `template<class T> class Vector'
./vm/vector.h:1217: error:   expected a type, got ` VMTraits<T>::real_type'
./vm/vector.h:1218: error: ISO C++ forbids declaration of `real' with no type
./vm/vector.h:1218: error: prototype for `int Vector<T>::real() const' does not match any in class `Vector<T>'
./vm/vector.h:113: error: candidate is: Vector<typename VMTraits<T>::real_type> Vector<T>::real() const
./vm/vector.h:1218: error: template definition of non-template `int Vector<T>::real() const'
./vm/vector.h:1232: error: type/value mismatch at argument 1 in template parameter list for `template<class T> class Vector'
./vm/vector.h:1232: error:   expected a type, got ` VMTraits<T>::real_type'
./vm/vector.h:1233: error: ISO C++ forbids declaration of `imag' with no type
./vm/vector.h:1233: error: prototype for `int Vector<T>::imag() const' does not match any in class `Vector<T>'
./vm/vector.h:114: error: candidate is: Vector<typename VMTraits<T>::real_type> Vector<T>::imag() const
./vm/vector.h:1233: error: template definition of non-template `int Vector<T>::imag() const'
./vm/vector.h:1416: error: expected init-declarator before "Vector"
./vm/vector.h:1416: error: expected `;' before "Vector"
./vm/vector.h:1422: error: expected init-declarator before "Vector"
./vm/vector.h:1422: error: expected `;' before "Vector"
./vm/vector.h:1428: error: expected init-declarator before "Vector"
./vm/vector.h:1428: error: expected `;' before "Vector"
./vm/vector.h:1434: error: expected init-declarator before "Vector"
./vm/vector.h:1434: error: expected `;' before "Vector"
In file included from vm/vec_mat.h:61,
                 from equation_set.h:7,
                 from rk_solver.h:8,
                 from test_main.cpp:1:
./vm/matrix.h:85: error: expected `;' before "operator"
./vm/matrix.h:86: error: expected `;' before "operator"
./vm/matrix.h:113: error: expected `;' before "rbegin"
./vm/matrix.h:114: error: expected `;' before "rbegin"
./vm/matrix.h:115: error: expected `;' before "rend"
./vm/matrix.h:116: error: expected `;' before "rend"
./vm/matrix.h:117: error: expected `;' before "cbegin"
./vm/matrix.h:118: error: expected `;' before "cbegin"
./vm/matrix.h:119: error: expected `;' before "cend"
./vm/matrix.h:120: error: expected `;' before "cend"
./vm/matrix.h: In member function `Matrix<T>& Matrix<T>::operator=(const T&)':
./vm/matrix.h:692: error: `p1' undeclared (first use this function)
./vm/matrix.h:692: error: (Each undeclared identifier is reported only once for each function it appears in.)
./vm/matrix.h: At global scope:
./vm/matrix.h:935: error: expected init-declarator before "Matrix"
./vm/matrix.h:935: error: expected `;' before "Matrix"
./vm/matrix.h:945: error: expected init-declarator before "Matrix"
./vm/matrix.h:945: error: expected `;' before "Matrix"
./vm/matrix.h:1219: error: type/value mismatch at argument 1 in template parameter list for `template<class T> class Matrix'
./vm/matrix.h:1219: error:   expected a type, got ` VMTraits<T>::real_type'
./vm/matrix.h:1220: error: ISO C++ forbids declaration of `real' with no type
./vm/matrix.h:1220: error: prototype for `int Matrix<T>::real() const' does not match any in class `Matrix<T>'
./vm/matrix.h:102: error: candidate is: Matrix<typename VMTraits<T>::real_type> Matrix<T>::real() const
./vm/matrix.h:1220: error: template definition of non-template `int Matrix<T>::real() const'
./vm/matrix.h:1239: error: type/value mismatch at argument 1 in template parameter list for `template<class T> class Matrix'
./vm/matrix.h:1239: error:   expected a type, got ` VMTraits<T>::real_type'
./vm/matrix.h:1240: error: ISO C++ forbids declaration of `imag' with no type
./vm/matrix.h:1240: error: prototype for `int Matrix<T>::imag() const' does not match any in class `Matrix<T>'
./vm/matrix.h:103: error: candidate is: Matrix<typename VMTraits<T>::real_type> Matrix<T>::imag() const
./vm/matrix.h:1240: error: template definition of non-template `int Matrix<T>::imag() const'
./vm/matrix.h:1341: error: expected init-declarator before "Matrix"
./vm/matrix.h:1341: error: expected `;' before "Matrix"
./vm/matrix.h:1348: error: expected init-declarator before "Matrix"
./vm/matrix.h:1348: error: expected `;' before "Matrix"
./vm/matrix.h:1355: error: expected init-declarator before "Matrix"
./vm/matrix.h:1355: error: expected `;' before "Matrix"
./vm/matrix.h:1362: error: expected init-declarator before "Matrix"
./vm/matrix.h:1362: error: expected `;' before "Matrix"
./vm/matrix.h:1369: error: expected init-declarator before "Matrix"
./vm/matrix.h:1369: error: expected `;' before "Matrix"
./vm/matrix.h:1376: error: expected init-declarator before "Matrix"
./vm/matrix.h:1376: error: expected `;' before "Matrix"
./vm/matrix.h:1383: error: expected init-declarator before "Matrix"
./vm/matrix.h:1383: error: expected `;' before "Matrix"
./vm/matrix.h:1390: error: expected init-declarator before "Matrix"
./vm/matrix.h:1390: error: expected `;' before "Matrix"
In file included from ./vm/vm_math.h:379,
                 from vm/vec_mat.h:63,
                 from equation_set.h:7,
                 from rk_solver.h:8,
                 from test_main.cpp:1:
./vm/vm_math.cpp:1183: error: type/value mismatch at argument 1 in template parameter list for `template<class T> class Vector'
./vm/vm_math.cpp:1183: error:   expected a type, got ` VMTraits<T>::real_type'
./vm/vm_math.cpp:1184: error: ISO C++ forbids declaration of `abs' with no type
./vm/vm_math.cpp: In function `int abs(const Vector<T>&)':
./vm/vm_math.cpp:1187: error: type/value mismatch at argument 1 in template parameter list for `template<class T> class Vector'
./vm/vm_math.cpp:1187: error:   expected a type, got ` VMTraits<T>::real_type'
./vm/vm_math.cpp:1187: error: invalid type in declaration before '(' token
./vm/vm_math.cpp:1189: error: invalid types `int[size_t]' for array subscript
./vm/vm_math.cpp: At global scope:
./vm/vm_math.cpp:1521: error: type/value mismatch at argument 1 in template parameter list for `template<class T> class Matrix'
./vm/vm_math.cpp:1521: error:   expected a type, got ` VMTraits<T>::real_type'
./vm/vm_math.cpp:1522: error: ISO C++ forbids declaration of `abs' with no type
./vm/vm_math.cpp: In function `int abs(const Matrix<T>&)':
./vm/vm_math.cpp:1524: error: type/value mismatch at argument 1 in template parameter list for `template<class T> class Matrix'
./vm/vm_math.cpp:1524: error:   expected a type, got ` VMTraits<T>::real_type'
./vm/vm_math.cpp:1524: error: invalid type in declaration before '(' token
./vm/vm_math.cpp:1525: error: request for member `nrows' in `tmp', which is of non-class type `int'
./vm/vm_math.cpp:1526: error: request for member `ncols' in `tmp', which is of non-class type `int'
./vm/vm_math.cpp:1531: error: `tmp' cannot be used as a function
In file included from vm/vec_mat.h:64,
                 from equation_set.h:7,
                 from rk_solver.h:8,
                 from test_main.cpp:1:
./vm/vm_tools.h: At global scope:
./vm/vm_tools.h:132: error: expected `;' before "data_"
./vm/vm_tools.h: In constructor `IndirectComp<T>::IndirectComp()':
./vm/vm_tools.h:135: error: class `IndirectComp<T>' does not have any field named `data_'
./vm/vm_tools.h: In constructor `IndirectComp<T>::IndirectComp(const Vector<T>&)':
./vm/vm_tools.h:136: error: class `IndirectComp<T>' does not have any field named `data_'
./vm/vm_tools.h: In copy constructor `IndirectComp<T>::IndirectComp(const IndirectComp<T>&)':
./vm/vm_tools.h:137: error: class `IndirectComp<T>' does not have any field named `data_'
./vm/vm_tools.h: In member function `IndirectComp<T>& IndirectComp<T>::operator=(const IndirectComp<T>&)':
./vm/vm_tools.h:142: error: `data_' undeclared (first use this function)
./vm/vm_tools.h: In member function `bool IndirectComp<T>::operator()(int, int) const':
./vm/vm_tools.h:147: error: `data_' undeclared (first use this function)
./vm/vm_tools.h: In member function `void IndirectComp<T>::attach(const Vector<T>&)':
./vm/vm_tools.h:151: error: `data_' undeclared (first use this function)
In file included from ./vm/vm_tools.h:173,
                 from vm/vec_mat.h:64,
                 from equation_set.h:7,
                 from rk_solver.h:8,
                 from test_main.cpp:1:
./vm/vm_tools.cpp: In function `void Stat(const Vector<T>&, double&, double&)':
./vm/vm_tools.cpp:30: error: expected `;' before "p"
./vm/vm_tools.cpp:33: error: `p' undeclared (first use this function)
./vm/vm_tools.cpp: In function `Matrix<T> MatMult(const Matrix<T>&, const Matrix<T>&)':
./vm/vm_tools.cpp:76: error: expected `;' before "px"
./vm/vm_tools.cpp:77: error: expected `;' before "pz"
./vm/vm_tools.cpp:81: error: `pz' undeclared (first use this function)
./vm/vm_tools.cpp:84: error: `px' undeclared (first use this function)
./vm/vm_tools.cpp:85: error: `py' undeclared (first use this function)
./vm/vm_tools.cpp: In function `Vector<T> MatMult(const Vector<T>&, const Matrix<T>&)':
./vm/vm_tools.cpp:107: error: expected `;' before "px"
./vm/vm_tools.cpp:108: error: expected `;' before "pz"
./vm/vm_tools.cpp:112: error: `px' undeclared (first use this function)
./vm/vm_tools.cpp:113: error: `py' undeclared (first use this function)
./vm/vm_tools.cpp:114: error: `pz' undeclared (first use this function)
./vm/vm_tools.cpp: In function `Vector<T> MatMult(const Matrix<T>&, const Vector<T>&)':
./vm/vm_tools.cpp:134: error: expected `;' before "px"
./vm/vm_tools.cpp:135: error: expected `;' before "pz"
./vm/vm_tools.cpp:139: error: `px' undeclared (first use this function)
./vm/vm_tools.cpp:140: error: `py' undeclared (first use this function)
./vm/vm_tools.cpp:141: error: `pz' undeclared (first use this function)
./vm/vm_tools.cpp: In function `Matrix<T> MatMult(const Vector<T>&, const Vector<T>&)':
./vm/vm_tools.cpp:160: error: expected `;' before "px"
./vm/vm_tools.cpp:161: error: expected `;' before "pz"
./vm/vm_tools.cpp:163: error: `px' undeclared (first use this function)
./vm/vm_tools.cpp:166: error: `py' undeclared (first use this function)
./vm/vm_tools.cpp:167: error: `pz' undeclared (first use this function)
./vm/vm_tools.cpp: In function `T DotProduct(const Vector<T>&, const Vector<T>&)':
./vm/vm_tools.cpp:185: error: expected `;' before "px"
./vm/vm_tools.cpp:188: error: `px' undeclared (first use this function)
./vm/vm_tools.cpp:189: error: `py' undeclared (first use this function)
In file included from test_main.cpp:1:
rk_solver.h: In member function `double RKSolver::computeError(const vec&, const vec&)':
rk_solver.h:60: error: call of overloaded `abs(Vector<double>)' is ambiguous
./vm/vm_math.h:259: note: candidates are: Vector<typename VMTraits<T>::real_type> abs(const Vector<T>&) [with T = double]
./vm/vm_math.cpp:1184: note:  int abs(const Vector<T>&) [with T = double]
rk_solver.h: In member function `vec RKSolver::solve(const rk_params&, vec&)':
rk_solver.h:120: warning: no return statement in function returning non-void
In file included from test_main.cpp:1:
rk_solver.h:122:7: warning: no newline at end of file
test_main.cpp: At global scope:
test_main.cpp:13: warning: `class ResultProcessor' has virtual functions but non-virtual destructor
test_main.cpp:63:2: warning: no newline at end of file
vm/vec_mat.h:57: warning: 'NoInit' defined but not used
make: *** [test_main.o] Error 1
